<?xml version="1.0" encoding="UTF-8"?>
<!-- Generated by org.testng.reporters.JUnitReportReporter -->
<testsuite hostname="Ritik" failures="0" tests="1" name="testCases.TC002_Login_Test" time="1.021" errors="0" timestamp="2024-11-07T02:14:06 IST" skipped="0">
  <testcase classname="testCases.TC002_Login_Test" name="loginTest" time="1.021"/>
</testsuite> <!-- testCases.TC002_Login_Test -->
