<?xml version="1.0" encoding="UTF-8"?>
<!-- Generated by org.testng.reporters.JUnitReportReporter -->
<testsuite hostname="Ritik" failures="0" tests="3" name="testCases.TC001_AccountRegistrationPage" time="23.251" errors="0" timestamp="2024-11-07T01:03:42 IST" skipped="0">
  <testcase classname="testCases.TC001_AccountRegistrationPage" name="AccountRegistration" time="7.684"/>
  <testcase classname="testCases.TC001_AccountRegistrationPage" name="AccountRegistration" time="7.535"/>
  <testcase classname="testCases.TC001_AccountRegistrationPage" name="AccountRegistration" time="8.032"/>
</testsuite> <!-- testCases.TC001_AccountRegistrationPage -->
